# JRE version: OpenJDK Runtime Environment (8.0_202-b03) (build 1.8.0_202-release-1483-b03)
# Java VM: OpenJDK 64-Bit Server VM (25.202-b03 mixed mode windows-amd64 compressed oops)
Heap:
 PSYoungGen      total 459264K, used 429392K [0x00000000e0000000, 0x00000000fe480000, 0x0000000100000000)
  eden space 437760K, 96% used [0x00000000e0000000,0x00000000f9b4bfb8,0x00000000fab80000)
  from space 21504K, 38% used [0x00000000fcf80000,0x00000000fd788228,0x00000000fe480000)
  to   space 29184K, 0% used [0x00000000fab80000,0x00000000fab80000,0x00000000fc800000)
 ParOldGen       total 287744K, used 122234K [0x00000000a0000000, 0x00000000b1900000, 0x00000000e0000000)
  object space 287744K, 42% used [0x00000000a0000000,0x00000000a775e848,0x00000000b1900000)
 Metaspace       used 86839K, capacity 91308K, committed 91540K, reserved 1128448K
  class space    used 11487K, capacity 12365K, committed 12476K, reserved 1048576K
GC Heap History (10 events):
Event: 78.450 GC heap before
{Heap before GC invocations=23 (full 3):
 PSYoungGen      total 286720K, used 261475K [0x00000000e0000000, 0x00000000f6f80000, 0x0000000100000000)
  eden space 254464K, 100% used [0x00000000e0000000,0x00000000ef880000,0x00000000ef880000)
  from space 32256K, 21% used [0x00000000ef880000,0x00000000eff58e40,0x00000000f1800000)
  to   space 32256K, 0% used [0x00000000f5000000,0x00000000f5000000,0x00000000f6f80000)
 ParOldGen       total 287744K, used 88996K [0x00000000a0000000, 0x00000000b1900000, 0x00000000e0000000)
  object space 287744K, 30% used [0x00000000a0000000,0x00000000a56e9108,0x00000000b1900000)
 Metaspace       used 83493K, capacity 87572K, committed 87700K, reserved 1124352K
  class space    used 11055K, capacity 11837K, committed 11964K, reserved 1048576K
Event: 78.464 GC heap after
Heap after GC invocations=23 (full 3):
 PSYoungGen      total 342016K, used 5728K [0x00000000e0000000, 0x00000000f6f00000, 0x0000000100000000)
  eden space 310272K, 0% used [0x00000000e0000000,0x00000000e0000000,0x00000000f2f00000)
  from space 31744K, 18% used [0x00000000f5000000,0x00000000f55980e0,0x00000000f6f00000)
  to   space 32768K, 0% used [0x00000000f2f00000,0x00000000f2f00000,0x00000000f4f00000)
 ParOldGen       total 287744K, used 95323K [0x00000000a0000000, 0x00000000b1900000, 0x00000000e0000000)
  object space 287744K, 33% used [0x00000000a0000000,0x00000000a5d16d78,0x00000000b1900000)
 Metaspace       used 83493K, capacity 87572K, committed 87700K, reserved 1124352K
  class space    used 11055K, capacity 11837K, committed 11964K, reserved 1048576K
}
Event: 79.295 GC heap before
{Heap before GC invocations=24 (full 3):
 PSYoungGen      total 342016K, used 316000K [0x00000000e0000000, 0x00000000f6f00000, 0x0000000100000000)
  eden space 310272K, 100% used [0x00000000e0000000,0x00000000f2f00000,0x00000000f2f00000)
  from space 31744K, 18% used [0x00000000f5000000,0x00000000f55980e0,0x00000000f6f00000)
  to   space 32768K, 0% used [0x00000000f2f00000,0x00000000f2f00000,0x00000000f4f00000)
 ParOldGen       total 287744K, used 95323K [0x00000000a0000000, 0x00000000b1900000, 0x00000000e0000000)
  object space 287744K, 33% used [0x00000000a0000000,0x00000000a5d16d78,0x00000000b1900000)
 Metaspace       used 83691K, capacity 87814K, committed 87956K, reserved 1126400K
  class space    used 11071K, capacity 11884K, committed 11964K, reserved 1048576K
Event: 79.320 GC heap after
Heap after GC invocations=24 (full 3):
 PSYoungGen      total 343040K, used 6839K [0x00000000e0000000, 0x00000000fae00000, 0x0000000100000000)
  eden space 310272K, 0% used [0x00000000e0000000,0x00000000e0000000,0x00000000f2f00000)
  from space 32768K, 20% used [0x00000000f2f00000,0x00000000f35add38,0x00000000f4f00000)
  to   space 32256K, 0% used [0x00000000f8e80000,0x00000000f8e80000,0x00000000fae00000)
 ParOldGen       total 287744K, used 99445K [0x00000000a0000000, 0x00000000b1900000, 0x00000000e0000000)
  object space 287744K, 34% used [0x00000000a0000000,0x00000000a611d478,0x00000000b1900000)
 Metaspace       used 83691K, capacity 87814K, committed 87956K, reserved 1126400K
  class space    used 11071K, capacity 11884K, committed 11964K, reserved 1048576K
}
Event: 80.176 GC heap before
{Heap before GC invocations=25 (full 3):
 PSYoungGen      total 343040K, used 317111K [0x00000000e0000000, 0x00000000fae00000, 0x0000000100000000)
  eden space 310272K, 100% used [0x00000000e0000000,0x00000000f2f00000,0x00000000f2f00000)
  from space 32768K, 20% used [0x00000000f2f00000,0x00000000f35add38,0x00000000f4f00000)
  to   space 32256K, 0% used [0x00000000f8e80000,0x00000000f8e80000,0x00000000fae00000)
 ParOldGen       total 287744K, used 99445K [0x00000000a0000000, 0x00000000b1900000, 0x00000000e0000000)
  object space 287744K, 34% used [0x00000000a0000000,0x00000000a611d478,0x00000000b1900000)
 Metaspace       used 83784K, capacity 87936K, committed 88212K, reserved 1126400K
  class space    used 11083K, capacity 11893K, committed 11964K, reserved 1048576K
Event: 80.197 GC heap after
Heap after GC invocations=25 (full 3):
 PSYoungGen      total 398848K, used 10970K [0x00000000e0000000, 0x00000000fa880000, 0x0000000100000000)
  eden space 372224K, 0% used [0x00000000e0000000,0x00000000e0000000,0x00000000f6b80000)
  from space 26624K, 41% used [0x00000000f8e80000,0x00000000f99368f8,0x00000000fa880000)
  to   space 31232K, 0% used [0x00000000f6b80000,0x00000000f6b80000,0x00000000f8a00000)
 ParOldGen       total 287744K, used 105243K [0x00000000a0000000, 0x00000000b1900000, 0x00000000e0000000)
  object space 287744K, 36% used [0x00000000a0000000,0x00000000a66c6d50,0x00000000b1900000)
 Metaspace       used 83784K, capacity 87936K, committed 88212K, reserved 1126400K
  class space    used 11083K, capacity 11893K, committed 11964K, reserved 1048576K
}
Event: 81.026 GC heap before
{Heap before GC invocations=26 (full 3):
 PSYoungGen      total 398848K, used 383194K [0x00000000e0000000, 0x00000000fa880000, 0x0000000100000000)
  eden space 372224K, 100% used [0x00000000e0000000,0x00000000f6b80000,0x00000000f6b80000)
  from space 26624K, 41% used [0x00000000f8e80000,0x00000000f99368f8,0x00000000fa880000)
  to   space 31232K, 0% used [0x00000000f6b80000,0x00000000f6b80000,0x00000000f8a00000)
 ParOldGen       total 287744K, used 105243K [0x00000000a0000000, 0x00000000b1900000, 0x00000000e0000000)
  object space 287744K, 36% used [0x00000000a0000000,0x00000000a66c6d50,0x00000000b1900000)
 Metaspace       used 83821K, capacity 87936K, committed 88212K, reserved 1126400K
  class space    used 11083K, capacity 11893K, committed 11964K, reserved 1048576K
Event: 81.049 GC heap after
Heap after GC invocations=26 (full 3):
 PSYoungGen      total 403456K, used 10423K [0x00000000e0000000, 0x00000000fed00000, 0x0000000100000000)
  eden space 372224K, 0% used [0x00000000e0000000,0x00000000e0000000,0x00000000f6b80000)
  from space 31232K, 33% used [0x00000000f6b80000,0x00000000f75adf20,0x00000000f8a00000)
  to   space 30208K, 0% used [0x00000000fcf80000,0x00000000fcf80000,0x00000000fed00000)
 ParOldGen       total 287744K, used 114839K [0x00000000a0000000, 0x00000000b1900000, 0x00000000e0000000)
  object space 287744K, 39% used [0x00000000a0000000,0x00000000a7025dc8,0x00000000b1900000)
 Metaspace       used 83821K, capacity 87936K, committed 88212K, reserved 1126400K
  class space    used 11083K, capacity 11893K, committed 11964K, reserved 1048576K
}
Event: 82.206 GC heap before
{Heap before GC invocations=27 (full 3):
 PSYoungGen      total 403456K, used 382606K [0x00000000e0000000, 0x00000000fed00000, 0x0000000100000000)
  eden space 372224K, 99% used [0x00000000e0000000,0x00000000f6b75958,0x00000000f6b80000)
  from space 31232K, 33% used [0x00000000f6b80000,0x00000000f75adf20,0x00000000f8a00000)
  to   space 30208K, 0% used [0x00000000fcf80000,0x00000000fcf80000,0x00000000fed00000)
 ParOldGen       total 287744K, used 114839K [0x00000000a0000000, 0x00000000b1900000, 0x00000000e0000000)
  object space 287744K, 39% used [0x00000000a0000000,0x00000000a7025dc8,0x00000000b1900000)
 Metaspace       used 83899K, capacity 88064K, committed 88212K, reserved 1126400K
  class space    used 11083K, capacity 11893K, committed 11964K, reserved 1048576K
Event: 82.221 GC heap after
Heap after GC invocations=27 (full 3):
 PSYoungGen      total 459264K, used 8224K [0x00000000e0000000, 0x00000000fe480000, 0x0000000100000000)
  eden space 437760K, 0% used [0x00000000e0000000,0x00000000e0000000,0x00000000fab80000)
  from space 21504K, 38% used [0x00000000fcf80000,0x00000000fd788228,0x00000000fe480000)
  to   space 29184K, 0% used [0x00000000fab80000,0x00000000fab80000,0x00000000fc800000)
 ParOldGen       total 287744K, used 122234K [0x00000000a0000000, 0x00000000b1900000, 0x00000000e0000000)
  object space 287744K, 42% used [0x00000000a0000000,0x00000000a775e848,0x00000000b1900000)
 Metaspace       used 83899K, capacity 88064K, committed 88212K, reserved 1126400K
  class space    used 11083K, capacity 11893K, committed 11964K, reserved 1048576K
}

